<?xml version="1.0" encoding="UTF-8"?>
<!-- Generated by org.testng.reporters.JUnitReportReporter -->
<testsuite hostname="revathis-mbp.lan" failures="0" tests="1" name="com.automation.tests.scripts.Accounts" time="29.843" errors="0" timestamp="2023-10-30T20:48:36 CDT" skipped="0">
  <testcase classname="com.automation.tests.scripts.Accounts" name="login_to_salesforce" time="29.843"/>
</testsuite> <!-- com.automation.tests.scripts.Accounts -->
